# JRE version: OpenJDK Runtime Environment Temurin-21.0.10+7 (21.0.10+7) (build 21.0.10+7-LTS)
# Java VM: OpenJDK 64-Bit Server VM Temurin-21.0.10+7 (21.0.10+7-LTS, mixed mode, sharing, tiered, compressed oops, compressed class ptrs, parallel gc, windows-amd64)
GC Precious Log:
 CardTable entry size: 512
 CPUs: 4 total, 4 available
 Memory: 3962M
 Large Page Support: Disabled
 NUMA Support: Disabled
 Compressed Oops: Enabled (32-bit)
 Alignments: Space 512K, Generation 512K, Heap 2M
 Heap Min Capacity: 100M
 Heap Initial Capacity: 100M
 Heap Max Capacity: 2G
 Pre-touch: Disabled
 Parallel Workers: 4
Heap:
 PSYoungGen      total 9728K, used 7430K [0x00000000d5580000, 0x00000000d6480000, 0x0000000100000000)
  eden space 6656K, 70% used [0x00000000d5580000,0x00000000d5a0f1a0,0x00000000d5c00000)
  from space 3072K, 89% used [0x00000000d6180000,0x00000000d6432740,0x00000000d6480000)
  to   space 3584K, 0% used [0x00000000d5d80000,0x00000000d5d80000,0x00000000d6100000)
 ParOldGen       total 694272K, used 312093K [0x0000000080000000, 0x00000000aa600000, 0x00000000d5580000)
  object space 694272K, 44% used [0x0000000080000000,0x00000000930c7488,0x00000000aa600000)
 Metaspace       used 86873K, committed 88512K, reserved 1179648K
  class space    used 8753K, committed 9536K, reserved 1048576K
GC Heap History (20 events):
Event: 5378.389 GC heap before
{Heap before GC invocations=1330 (full 5):
 PSYoungGen      total 7168K, used 7160K [0x00000000d5580000, 0x00000000d6000000, 0x0000000100000000)
  eden space 6656K, 100% used [0x00000000d5580000,0x00000000d5c00000,0x00000000d5c00000)
  from space 512K, 98% used [0x00000000d5f80000,0x00000000d5ffe2d0,0x00000000d6000000)
  to   space 1024K, 0% used [0x00000000d5e00000,0x00000000d5e00000,0x00000000d5f00000)
 ParOldGen       total 694272K, used 303716K [0x0000000080000000, 0x00000000aa600000, 0x00000000d5580000)
  object space 694272K, 43% used [0x0000000080000000,0x0000000092899140,0x00000000aa600000)
 Metaspace       used 86849K, committed 88448K, reserved 1179648K
  class space    used 8751K, committed 9536K, reserved 1048576K
}
Event: 5378.399 GC heap after
{Heap after GC invocations=1330 (full 5):
 PSYoungGen      total 7680K, used 849K [0x00000000d5580000, 0x00000000d6000000, 0x0000000100000000)
  eden space 6656K, 0% used [0x00000000d5580000,0x00000000d5580000,0x00000000d5c00000)
  from space 1024K, 82% used [0x00000000d5e00000,0x00000000d5ed45a0,0x00000000d5f00000)
  to   space 1024K, 0% used [0x00000000d5f00000,0x00000000d5f00000,0x00000000d6000000)
 ParOldGen       total 694272K, used 304219K [0x0000000080000000, 0x00000000aa600000, 0x00000000d5580000)
  object space 694272K, 43% used [0x0000000080000000,0x0000000092916e60,0x00000000aa600000)
 Metaspace       used 86849K, committed 88448K, reserved 1179648K
  class space    used 8751K, committed 9536K, reserved 1048576K
}
Event: 5379.370 GC heap before
{Heap before GC invocations=1331 (full 5):
 PSYoungGen      total 7680K, used 7505K [0x00000000d5580000, 0x00000000d6000000, 0x0000000100000000)
  eden space 6656K, 100% used [0x00000000d5580000,0x00000000d5c00000,0x00000000d5c00000)
  from space 1024K, 82% used [0x00000000d5e00000,0x00000000d5ed45a0,0x00000000d5f00000)
  to   space 1024K, 0% used [0x00000000d5f00000,0x00000000d5f00000,0x00000000d6000000)
 ParOldGen       total 694272K, used 304219K [0x0000000080000000, 0x00000000aa600000, 0x00000000d5580000)
  object space 694272K, 43% used [0x0000000080000000,0x0000000092916e60,0x00000000aa600000)
 Metaspace       used 86849K, committed 88448K, reserved 1179648K
  class space    used 8751K, committed 9536K, reserved 1048576K
}
Event: 5379.395 GC heap after
{Heap after GC invocations=1331 (full 5):
 PSYoungGen      total 7680K, used 1016K [0x00000000d5580000, 0x00000000d6000000, 0x0000000100000000)
  eden space 6656K, 0% used [0x00000000d5580000,0x00000000d5580000,0x00000000d5c00000)
  from space 1024K, 99% used [0x00000000d5f00000,0x00000000d5ffe2d0,0x00000000d6000000)
  to   space 1536K, 0% used [0x00000000d5d00000,0x00000000d5d00000,0x00000000d5e80000)
 ParOldGen       total 694272K, used 304603K [0x0000000080000000, 0x00000000aa600000, 0x00000000d5580000)
  object space 694272K, 43% used [0x0000000080000000,0x0000000092976e80,0x00000000aa600000)
 Metaspace       used 86849K, committed 88448K, reserved 1179648K
  class space    used 8751K, committed 9536K, reserved 1048576K
}
Event: 5379.542 GC heap before
{Heap before GC invocations=1332 (full 5):
 PSYoungGen      total 7680K, used 7672K [0x00000000d5580000, 0x00000000d6000000, 0x0000000100000000)
  eden space 6656K, 100% used [0x00000000d5580000,0x00000000d5c00000,0x00000000d5c00000)
  from space 1024K, 99% used [0x00000000d5f00000,0x00000000d5ffe2d0,0x00000000d6000000)
  to   space 1536K, 0% used [0x00000000d5d00000,0x00000000d5d00000,0x00000000d5e80000)
 ParOldGen       total 694272K, used 304603K [0x0000000080000000, 0x00000000aa600000, 0x00000000d5580000)
  object space 694272K, 43% used [0x0000000080000000,0x0000000092976e80,0x00000000aa600000)
 Metaspace       used 86849K, committed 88448K, reserved 1179648K
  class space    used 8751K, committed 9536K, reserved 1048576K
}
Event: 5379.617 GC heap after
{Heap after GC invocations=1332 (full 5):
 PSYoungGen      total 8192K, used 1528K [0x00000000d5580000, 0x00000000d6300000, 0x0000000100000000)
  eden space 6656K, 0% used [0x00000000d5580000,0x00000000d5580000,0x00000000d5c00000)
  from space 1536K, 99% used [0x00000000d5d00000,0x00000000d5e7e2d0,0x00000000d5e80000)
  to   space 3584K, 0% used [0x00000000d5f80000,0x00000000d5f80000,0x00000000d6300000)
 ParOldGen       total 694272K, used 306103K [0x0000000080000000, 0x00000000aa600000, 0x00000000d5580000)
  object space 694272K, 44% used [0x0000000080000000,0x0000000092aedd90,0x00000000aa600000)
 Metaspace       used 86849K, committed 88448K, reserved 1179648K
  class space    used 8751K, committed 9536K, reserved 1048576K
}
Event: 5380.140 GC heap before
{Heap before GC invocations=1333 (full 5):
 PSYoungGen      total 8192K, used 8184K [0x00000000d5580000, 0x00000000d6300000, 0x0000000100000000)
  eden space 6656K, 100% used [0x00000000d5580000,0x00000000d5c00000,0x00000000d5c00000)
  from space 1536K, 99% used [0x00000000d5d00000,0x00000000d5e7e2d0,0x00000000d5e80000)
  to   space 3584K, 0% used [0x00000000d5f80000,0x00000000d5f80000,0x00000000d6300000)
 ParOldGen       total 694272K, used 306103K [0x0000000080000000, 0x00000000aa600000, 0x00000000d5580000)
  object space 694272K, 44% used [0x0000000080000000,0x0000000092aedd90,0x00000000aa600000)
 Metaspace       used 86852K, committed 88512K, reserved 1179648K
  class space    used 8751K, committed 9536K, reserved 1048576K
}
Event: 5380.164 GC heap after
{Heap after GC invocations=1333 (full 5):
 PSYoungGen      total 7168K, used 192K [0x00000000d5580000, 0x00000000d6000000, 0x0000000100000000)
  eden space 6656K, 0% used [0x00000000d5580000,0x00000000d5580000,0x00000000d5c00000)
  from space 512K, 37% used [0x00000000d5f80000,0x00000000d5fb0000,0x00000000d6000000)
  to   space 1536K, 0% used [0x00000000d5d00000,0x00000000d5d00000,0x00000000d5e80000)
 ParOldGen       total 694272K, used 307677K [0x0000000080000000, 0x00000000aa600000, 0x00000000d5580000)
  object space 694272K, 44% used [0x0000000080000000,0x0000000092c775b0,0x00000000aa600000)
 Metaspace       used 86852K, committed 88512K, reserved 1179648K
  class space    used 8751K, committed 9536K, reserved 1048576K
}
Event: 5380.776 GC heap before
{Heap before GC invocations=1334 (full 5):
 PSYoungGen      total 7168K, used 6848K [0x00000000d5580000, 0x00000000d6000000, 0x0000000100000000)
  eden space 6656K, 100% used [0x00000000d5580000,0x00000000d5c00000,0x00000000d5c00000)
  from space 512K, 37% used [0x00000000d5f80000,0x00000000d5fb0000,0x00000000d6000000)
  to   space 1536K, 0% used [0x00000000d5d00000,0x00000000d5d00000,0x00000000d5e80000)
 ParOldGen       total 694272K, used 307677K [0x0000000080000000, 0x00000000aa600000, 0x00000000d5580000)
  object space 694272K, 44% used [0x0000000080000000,0x0000000092c775b0,0x00000000aa600000)
 Metaspace       used 86852K, committed 88512K, reserved 1179648K
  class space    used 8751K, committed 9536K, reserved 1048576K
}
Event: 5380.786 GC heap after
{Heap after GC invocations=1334 (full 5):
 PSYoungGen      total 8192K, used 64K [0x00000000d5580000, 0x00000000d6000000, 0x0000000100000000)
  eden space 6656K, 0% used [0x00000000d5580000,0x00000000d5580000,0x00000000d5c00000)
  from space 1536K, 4% used [0x00000000d5d00000,0x00000000d5d10000,0x00000000d5e80000)
  to   space 512K, 0% used [0x00000000d5f80000,0x00000000d5f80000,0x00000000d6000000)
 ParOldGen       total 694272K, used 307833K [0x0000000080000000, 0x00000000aa600000, 0x00000000d5580000)
  object space 694272K, 44% used [0x0000000080000000,0x0000000092c9e4b0,0x00000000aa600000)
 Metaspace       used 86852K, committed 88512K, reserved 1179648K
  class space    used 8751K, committed 9536K, reserved 1048576K
}
Event: 5402.077 GC heap before
{Heap before GC invocations=1335 (full 5):
 PSYoungGen      total 8192K, used 6720K [0x00000000d5580000, 0x00000000d6000000, 0x0000000100000000)
  eden space 6656K, 100% used [0x00000000d5580000,0x00000000d5c00000,0x00000000d5c00000)
  from space 1536K, 4% used [0x00000000d5d00000,0x00000000d5d10000,0x00000000d5e80000)
  to   space 512K, 0% used [0x00000000d5f80000,0x00000000d5f80000,0x00000000d6000000)
 ParOldGen       total 694272K, used 307833K [0x0000000080000000, 0x00000000aa600000, 0x00000000d5580000)
  object space 694272K, 44% used [0x0000000080000000,0x0000000092c9e4b0,0x00000000aa600000)
 Metaspace       used 86854K, committed 88512K, reserved 1179648K
  class space    used 8751K, committed 9536K, reserved 1048576K
}
Event: 5402.081 GC heap after
{Heap after GC invocations=1335 (full 5):
 PSYoungGen      total 7168K, used 128K [0x00000000d5580000, 0x00000000d6000000, 0x0000000100000000)
  eden space 6656K, 0% used [0x00000000d5580000,0x00000000d5580000,0x00000000d5c00000)
  from space 512K, 25% used [0x00000000d5f80000,0x00000000d5fa0000,0x00000000d6000000)
  to   space 512K, 0% used [0x00000000d5f00000,0x00000000d5f00000,0x00000000d5f80000)
 ParOldGen       total 694272K, used 307857K [0x0000000080000000, 0x00000000aa600000, 0x00000000d5580000)
  object space 694272K, 44% used [0x0000000080000000,0x0000000092ca44b0,0x00000000aa600000)
 Metaspace       used 86854K, committed 88512K, reserved 1179648K
  class space    used 8751K, committed 9536K, reserved 1048576K
}
Event: 5403.281 GC heap before
{Heap before GC invocations=1336 (full 5):
 PSYoungGen      total 7168K, used 6784K [0x00000000d5580000, 0x00000000d6000000, 0x0000000100000000)
  eden space 6656K, 100% used [0x00000000d5580000,0x00000000d5c00000,0x00000000d5c00000)
  from space 512K, 25% used [0x00000000d5f80000,0x00000000d5fa0000,0x00000000d6000000)
  to   space 512K, 0% used [0x00000000d5f00000,0x00000000d5f00000,0x00000000d5f80000)
 ParOldGen       total 694272K, used 307857K [0x0000000080000000, 0x00000000aa600000, 0x00000000d5580000)
  object space 694272K, 44% used [0x0000000080000000,0x0000000092ca44b0,0x00000000aa600000)
 Metaspace       used 86854K, committed 88512K, reserved 1179648K
  class space    used 8751K, committed 9536K, reserved 1048576K
}
Event: 5403.315 GC heap after
{Heap after GC invocations=1336 (full 5):
 PSYoungGen      total 7168K, used 128K [0x00000000d5580000, 0x00000000d6000000, 0x0000000100000000)
  eden space 6656K, 0% used [0x00000000d5580000,0x00000000d5580000,0x00000000d5c00000)
  from space 512K, 25% used [0x00000000d5f00000,0x00000000d5f20000,0x00000000d5f80000)
  to   space 512K, 0% used [0x00000000d5f80000,0x00000000d5f80000,0x00000000d6000000)
 ParOldGen       total 694272K, used 307889K [0x0000000080000000, 0x00000000aa600000, 0x00000000d5580000)
  object space 694272K, 44% used [0x0000000080000000,0x0000000092cac4b0,0x00000000aa600000)
 Metaspace       used 86854K, committed 88512K, reserved 1179648K
  class space    used 8751K, committed 9536K, reserved 1048576K
}
Event: 5409.080 GC heap before
{Heap before GC invocations=1337 (full 5):
 PSYoungGen      total 7168K, used 6784K [0x00000000d5580000, 0x00000000d6000000, 0x0000000100000000)
  eden space 6656K, 100% used [0x00000000d5580000,0x00000000d5c00000,0x00000000d5c00000)
  from space 512K, 25% used [0x00000000d5f00000,0x00000000d5f20000,0x00000000d5f80000)
  to   space 512K, 0% used [0x00000000d5f80000,0x00000000d5f80000,0x00000000d6000000)
 ParOldGen       total 694272K, used 307889K [0x0000000080000000, 0x00000000aa600000, 0x00000000d5580000)
  object space 694272K, 44% used [0x0000000080000000,0x0000000092cac4b0,0x00000000aa600000)
 Metaspace       used 86854K, committed 88512K, reserved 1179648K
  class space    used 8751K, committed 9536K, reserved 1048576K
}
Event: 5409.083 GC heap after
{Heap after GC invocations=1337 (full 5):
 PSYoungGen      total 7168K, used 128K [0x00000000d5580000, 0x00000000d6000000, 0x0000000100000000)
  eden space 6656K, 0% used [0x00000000d5580000,0x00000000d5580000,0x00000000d5c00000)
  from space 512K, 25% used [0x00000000d5f80000,0x00000000d5fa0000,0x00000000d6000000)
  to   space 512K, 0% used [0x00000000d5f00000,0x00000000d5f00000,0x00000000d5f80000)
 ParOldGen       total 694272K, used 307913K [0x0000000080000000, 0x00000000aa600000, 0x00000000d5580000)
  object space 694272K, 44% used [0x0000000080000000,0x0000000092cb24b0,0x00000000aa600000)
 Metaspace       used 86854K, committed 88512K, reserved 1179648K
  class space    used 8751K, committed 9536K, reserved 1048576K
}
Event: 5420.580 GC heap before
{Heap before GC invocations=1338 (full 5):
 PSYoungGen      total 7168K, used 6784K [0x00000000d5580000, 0x00000000d6000000, 0x0000000100000000)
  eden space 6656K, 100% used [0x00000000d5580000,0x00000000d5c00000,0x00000000d5c00000)
  from space 512K, 25% used [0x00000000d5f80000,0x00000000d5fa0000,0x00000000d6000000)
  to   space 512K, 0% used [0x00000000d5f00000,0x00000000d5f00000,0x00000000d5f80000)
 ParOldGen       total 694272K, used 307913K [0x0000000080000000, 0x00000000aa600000, 0x00000000d5580000)
  object space 694272K, 44% used [0x0000000080000000,0x0000000092cb24b0,0x00000000aa600000)
 Metaspace       used 86861K, committed 88512K, reserved 1179648K
  class space    used 8751K, committed 9536K, reserved 1048576K
}
Event: 5420.644 GC heap after
{Heap after GC invocations=1338 (full 5):
 PSYoungGen      total 7168K, used 499K [0x00000000d5580000, 0x00000000d6700000, 0x0000000100000000)
  eden space 6656K, 0% used [0x00000000d5580000,0x00000000d5580000,0x00000000d5c00000)
  from space 512K, 97% used [0x00000000d5f00000,0x00000000d5f7cfc8,0x00000000d5f80000)
  to   space 5632K, 0% used [0x00000000d6180000,0x00000000d6180000,0x00000000d6700000)
 ParOldGen       total 694272K, used 312045K [0x0000000080000000, 0x00000000aa600000, 0x00000000d5580000)
  object space 694272K, 44% used [0x0000000080000000,0x00000000930bb478,0x00000000aa600000)
 Metaspace       used 86861K, committed 88512K, reserved 1179648K
  class space    used 8751K, committed 9536K, reserved 1048576K
}
Event: 5421.113 GC heap before
{Heap before GC invocations=1339 (full 5):
 PSYoungGen      total 7168K, used 7155K [0x00000000d5580000, 0x00000000d6700000, 0x0000000100000000)
  eden space 6656K, 100% used [0x00000000d5580000,0x00000000d5c00000,0x00000000d5c00000)
  from space 512K, 97% used [0x00000000d5f00000,0x00000000d5f7cfc8,0x00000000d5f80000)
  to   space 5632K, 0% used [0x00000000d6180000,0x00000000d6180000,0x00000000d6700000)
 ParOldGen       total 694272K, used 312045K [0x0000000080000000, 0x00000000aa600000, 0x00000000d5580000)
  object space 694272K, 44% used [0x0000000080000000,0x00000000930bb478,0x00000000aa600000)
 Metaspace       used 86866K, committed 88512K, reserved 1179648K
  class space    used 8751K, committed 9536K, reserved 1048576K
}
Event: 5421.131 GC heap after
{Heap after GC invocations=1339 (full 5):
 PSYoungGen      total 9728K, used 2761K [0x00000000d5580000, 0x00000000d6480000, 0x0000000100000000)
  eden space 6656K, 0% used [0x00000000d5580000,0x00000000d5580000,0x00000000d5c00000)
  from space 3072K, 89% used [0x00000000d6180000,0x00000000d6432740,0x00000000d6480000)
  to   space 3584K, 0% used [0x00000000d5d80000,0x00000000d5d80000,0x00000000d6100000)
 ParOldGen       total 694272K, used 312093K [0x0000000080000000, 0x00000000aa600000, 0x00000000d5580000)
  object space 694272K, 44% used [0x0000000080000000,0x00000000930c7488,0x00000000aa600000)
 Metaspace       used 86866K, committed 88512K, reserved 1179648K
  class space    used 8751K, committed 9536K, reserved 1048576K
}

